
2026-05-30T12:53:50.275075 — ERRO ao gerar relatório: operator does not exist: character varying = integer
LINE 4:                 WHERE file_id = ANY(ARRAY[1,2,3,4,5,6,7,8,9,...
                                      ^
HINT:  No operator matches the given name and argument types. You might need to add explicit type casts.

Traceback (most recent call last):
  File "C:\Users\Alexandr\Desktop\Universidade\3º Ano\Projeto\Projeto-Final-Eu\Codes\Pipeline\pipeline_data.py", line 92, in run_pipeline
    pipeline_data_report.generate(run_start, success, run_file_ids)
    ~~~~~~~~~~~~~~~~~~~~~~~~~~~~~^^^^^^^^^^^^^^^^^^^^^^^^^^^^^^^^^^
  File "C:\Users\Alexandr\Desktop\Universidade\3º Ano\Projeto\Projeto-Final-Eu\Codes\Pipeline\pipeline_data_report.py", line 68, in generate
    cur_op.execute("""
    ~~~~~~~~~~~~~~^^^^
        SELECT file_id, step, error_message, log_time
        ^^^^^^^^^^^^^^^^^^^^^^^^^^^^^^^^^^^^^^^^^^^^^
    ...<3 lines>...
        ORDER BY log_time ASC
        ^^^^^^^^^^^^^^^^^^^^^
    """, (cand_file_ids, run_start))
    ^^^^^^^^^^^^^^^^^^^^^^^^^^^^^^^^
  File "C:\Users\Alexandr\miniconda3\Lib\site-packages\psycopg2\extras.py", line 236, in execute
    return super().execute(query, vars)
           ~~~~~~~~~~~~~~~^^^^^^^^^^^^^
psycopg2.errors.UndefinedFunction: operator does not exist: character varying = integer
LINE 4:                 WHERE file_id = ANY(ARRAY[1,2,3,4,5,6,7,8,9,...
                                      ^
HINT:  No operator matches the given name and argument types. You might need to add explicit type casts.


2026-05-30T13:05:37.654356 — ERRO ao gerar relatório: operator does not exist: character varying = integer
LINE 4:                 WHERE file_id = ANY(ARRAY[1,2,3,4,5,6,7,8,9,...
                                      ^
HINT:  No operator matches the given name and argument types. You might need to add explicit type casts.

Traceback (most recent call last):
  File "C:\Users\Alexandr\Desktop\Universidade\3º Ano\Projeto\Projeto-Final-Eu\Codes\Pipeline\pipeline_data.py", line 92, in run_pipeline
    pipeline_data_report.generate(run_start, success, run_file_ids)
    ~~~~~~~~~~~~~~~~~~~~~~~~~~~~~^^^^^^^^^^^^^^^^^^^^^^^^^^^^^^^^^^
  File "C:\Users\Alexandr\Desktop\Universidade\3º Ano\Projeto\Projeto-Final-Eu\Codes\Pipeline\pipeline_data_report.py", line 68, in generate
    cur_op.execute("""
    ~~~~~~~~~~~~~~^^^^
        SELECT file_id, step, error_message, log_time
        ^^^^^^^^^^^^^^^^^^^^^^^^^^^^^^^^^^^^^^^^^^^^^
    ...<3 lines>...
        ORDER BY log_time ASC
        ^^^^^^^^^^^^^^^^^^^^^
    """, (cand_file_ids, run_start))
    ^^^^^^^^^^^^^^^^^^^^^^^^^^^^^^^^
  File "C:\Users\Alexandr\miniconda3\Lib\site-packages\psycopg2\extras.py", line 236, in execute
    return super().execute(query, vars)
           ~~~~~~~~~~~~~~~^^^^^^^^^^^^^
psycopg2.errors.UndefinedFunction: operator does not exist: character varying = integer
LINE 4:                 WHERE file_id = ANY(ARRAY[1,2,3,4,5,6,7,8,9,...
                                      ^
HINT:  No operator matches the given name and argument types. You might need to add explicit type casts.


2026-05-30T13:28:50.585623 — ERRO ao gerar relatório: operator does not exist: character varying = integer
LINE 4:                 WHERE file_id = ANY(ARRAY[1,2,3,4,5,6,7,8,9,...
                                      ^
HINT:  No operator matches the given name and argument types. You might need to add explicit type casts.

Traceback (most recent call last):
  File "C:\Users\Alexandr\Desktop\Universidade\3º Ano\Projeto\Projeto-Final-Eu\Codes\Pipeline\pipeline_data.py", line 92, in run_pipeline
    pipeline_data_report.generate(run_start, success, run_file_ids)
    ~~~~~~~~~~~~~~~~~~~~~~~~~~~~~^^^^^^^^^^^^^^^^^^^^^^^^^^^^^^^^^^
  File "C:\Users\Alexandr\Desktop\Universidade\3º Ano\Projeto\Projeto-Final-Eu\Codes\Pipeline\pipeline_data_report.py", line 68, in generate
    cur_op.execute("""
    ~~~~~~~~~~~~~~^^^^
        SELECT file_id, step, error_message, log_time
        ^^^^^^^^^^^^^^^^^^^^^^^^^^^^^^^^^^^^^^^^^^^^^
    ...<3 lines>...
        ORDER BY log_time ASC
        ^^^^^^^^^^^^^^^^^^^^^
    """, (cand_file_ids, run_start))
    ^^^^^^^^^^^^^^^^^^^^^^^^^^^^^^^^
  File "C:\Users\Alexandr\miniconda3\Lib\site-packages\psycopg2\extras.py", line 236, in execute
    return super().execute(query, vars)
           ~~~~~~~~~~~~~~~^^^^^^^^^^^^^
psycopg2.errors.UndefinedFunction: operator does not exist: character varying = integer
LINE 4:                 WHERE file_id = ANY(ARRAY[1,2,3,4,5,6,7,8,9,...
                                      ^
HINT:  No operator matches the given name and argument types. You might need to add explicit type casts.


2026-05-30T13:47:21.473476 — ERRO ao gerar relatório: operator does not exist: character varying = integer
LINE 4:                 WHERE file_id = ANY(ARRAY[1,2,3,4,5,6,7,8,9,...
                                      ^
HINT:  No operator matches the given name and argument types. You might need to add explicit type casts.

Traceback (most recent call last):
  File "C:\Users\Alexandr\Desktop\Universidade\3º Ano\Projeto\Projeto-Final-Eu\Codes\Pipeline\pipeline_data.py", line 92, in run_pipeline
    pipeline_data_report.generate(run_start, success, run_file_ids)
    ~~~~~~~~~~~~~~~~~~~~~~~~~~~~~^^^^^^^^^^^^^^^^^^^^^^^^^^^^^^^^^^
  File "C:\Users\Alexandr\Desktop\Universidade\3º Ano\Projeto\Projeto-Final-Eu\Codes\Pipeline\pipeline_data_report.py", line 68, in generate
    cur_op.execute("""
    ~~~~~~~~~~~~~~^^^^
        SELECT file_id, step, error_message, log_time
        ^^^^^^^^^^^^^^^^^^^^^^^^^^^^^^^^^^^^^^^^^^^^^
    ...<3 lines>...
        ORDER BY log_time ASC
        ^^^^^^^^^^^^^^^^^^^^^
    """, (cand_file_ids, run_start))
    ^^^^^^^^^^^^^^^^^^^^^^^^^^^^^^^^
  File "C:\Users\Alexandr\miniconda3\Lib\site-packages\psycopg2\extras.py", line 236, in execute
    return super().execute(query, vars)
           ~~~~~~~~~~~~~~~^^^^^^^^^^^^^
psycopg2.errors.UndefinedFunction: operator does not exist: character varying = integer
LINE 4:                 WHERE file_id = ANY(ARRAY[1,2,3,4,5,6,7,8,9,...
                                      ^
HINT:  No operator matches the given name and argument types. You might need to add explicit type casts.


2026-05-30T13:55:29.033593 — ERRO ao gerar relatório: operator does not exist: character varying = integer
LINE 4:                 WHERE file_id = ANY(ARRAY[1,2,3,4,5,6,7,8,9,...
                                      ^
HINT:  No operator matches the given name and argument types. You might need to add explicit type casts.

Traceback (most recent call last):
  File "C:\Users\Alexandr\Desktop\Universidade\3º Ano\Projeto\Projeto-Final-Eu\Codes\Pipeline\pipeline_data.py", line 92, in run_pipeline
    pipeline_data_report.generate(run_start, success, run_file_ids)
    ~~~~~~~~~~~~~~~~~~~~~~~~~~~~~^^^^^^^^^^^^^^^^^^^^^^^^^^^^^^^^^^
  File "C:\Users\Alexandr\Desktop\Universidade\3º Ano\Projeto\Projeto-Final-Eu\Codes\Pipeline\pipeline_data_report.py", line 68, in generate
    cur_op.execute("""
    ~~~~~~~~~~~~~~^^^^
        SELECT file_id, step, error_message, log_time
        ^^^^^^^^^^^^^^^^^^^^^^^^^^^^^^^^^^^^^^^^^^^^^
    ...<3 lines>...
        ORDER BY log_time ASC
        ^^^^^^^^^^^^^^^^^^^^^
    """, (cand_file_ids, run_start))
    ^^^^^^^^^^^^^^^^^^^^^^^^^^^^^^^^
  File "C:\Users\Alexandr\miniconda3\Lib\site-packages\psycopg2\extras.py", line 236, in execute
    return super().execute(query, vars)
           ~~~~~~~~~~~~~~~^^^^^^^^^^^^^
psycopg2.errors.UndefinedFunction: operator does not exist: character varying = integer
LINE 4:                 WHERE file_id = ANY(ARRAY[1,2,3,4,5,6,7,8,9,...
                                      ^
HINT:  No operator matches the given name and argument types. You might need to add explicit type casts.


2026-05-30T14:08:08.492807 — ERRO ao gerar relatório: operator does not exist: character varying = integer
LINE 4:                 WHERE file_id = ANY(ARRAY[1,2,3,4,5,6,7,8,9,...
                                      ^
HINT:  No operator matches the given name and argument types. You might need to add explicit type casts.

Traceback (most recent call last):
  File "C:\Users\Alexandr\Desktop\Universidade\3º Ano\Projeto\Projeto-Final-Eu\Codes\Pipeline\pipeline_data.py", line 92, in run_pipeline
    pipeline_data_report.generate(run_start, success, run_file_ids)
    ~~~~~~~~~~~~~~~~~~~~~~~~~~~~~^^^^^^^^^^^^^^^^^^^^^^^^^^^^^^^^^^
  File "C:\Users\Alexandr\Desktop\Universidade\3º Ano\Projeto\Projeto-Final-Eu\Codes\Pipeline\pipeline_data_report.py", line 68, in generate
    cur_op.execute("""
    ~~~~~~~~~~~~~~^^^^
        SELECT file_id, step, error_message, log_time
        ^^^^^^^^^^^^^^^^^^^^^^^^^^^^^^^^^^^^^^^^^^^^^
    ...<3 lines>...
        ORDER BY log_time ASC
        ^^^^^^^^^^^^^^^^^^^^^
    """, (cand_file_ids, run_start))
    ^^^^^^^^^^^^^^^^^^^^^^^^^^^^^^^^
  File "C:\Users\Alexandr\miniconda3\Lib\site-packages\psycopg2\extras.py", line 236, in execute
    return super().execute(query, vars)
           ~~~~~~~~~~~~~~~^^^^^^^^^^^^^
psycopg2.errors.UndefinedFunction: operator does not exist: character varying = integer
LINE 4:                 WHERE file_id = ANY(ARRAY[1,2,3,4,5,6,7,8,9,...
                                      ^
HINT:  No operator matches the given name and argument types. You might need to add explicit type casts.


2026-05-30T14:18:02.067363 — ERRO ao gerar relatório: operator does not exist: character varying = integer
LINE 4:                 WHERE file_id = ANY(ARRAY[1,2,3,4,5,6,7,8,9,...
                                      ^
HINT:  No operator matches the given name and argument types. You might need to add explicit type casts.

Traceback (most recent call last):
  File "C:\Users\Alexandr\Desktop\Universidade\3º Ano\Projeto\Projeto-Final-Eu\Codes\Pipeline\pipeline_data.py", line 92, in run_pipeline
    pipeline_data_report.generate(run_start, success, run_file_ids)
    ~~~~~~~~~~~~~~~~~~~~~~~~~~~~~^^^^^^^^^^^^^^^^^^^^^^^^^^^^^^^^^^
  File "C:\Users\Alexandr\Desktop\Universidade\3º Ano\Projeto\Projeto-Final-Eu\Codes\Pipeline\pipeline_data_report.py", line 68, in generate
    cur_op.execute("""
    ~~~~~~~~~~~~~~^^^^
        SELECT file_id, step, error_message, log_time
        ^^^^^^^^^^^^^^^^^^^^^^^^^^^^^^^^^^^^^^^^^^^^^
    ...<3 lines>...
        ORDER BY log_time ASC
        ^^^^^^^^^^^^^^^^^^^^^
    """, (cand_file_ids, run_start))
    ^^^^^^^^^^^^^^^^^^^^^^^^^^^^^^^^
  File "C:\Users\Alexandr\miniconda3\Lib\site-packages\psycopg2\extras.py", line 236, in execute
    return super().execute(query, vars)
           ~~~~~~~~~~~~~~~^^^^^^^^^^^^^
psycopg2.errors.UndefinedFunction: operator does not exist: character varying = integer
LINE 4:                 WHERE file_id = ANY(ARRAY[1,2,3,4,5,6,7,8,9,...
                                      ^
HINT:  No operator matches the given name and argument types. You might need to add explicit type casts.


2026-05-30T14:20:05.250391 — ERRO ao gerar relatório: operator does not exist: character varying = integer
LINE 4:                 WHERE file_id = ANY(ARRAY[133])
                                      ^
HINT:  No operator matches the given name and argument types. You might need to add explicit type casts.

Traceback (most recent call last):
  File "C:\Users\Alexandr\Desktop\Universidade\3º Ano\Projeto\Projeto-Final-Eu\Codes\Pipeline\pipeline_data.py", line 92, in run_pipeline
    pipeline_data_report.generate(run_start, success, run_file_ids)
    ~~~~~~~~~~~~~~~~~~~~~~~~~~~~~^^^^^^^^^^^^^^^^^^^^^^^^^^^^^^^^^^
  File "C:\Users\Alexandr\Desktop\Universidade\3º Ano\Projeto\Projeto-Final-Eu\Codes\Pipeline\pipeline_data_report.py", line 68, in generate
    cur_op.execute("""
    ~~~~~~~~~~~~~~^^^^
        SELECT file_id, step, error_message, log_time
        ^^^^^^^^^^^^^^^^^^^^^^^^^^^^^^^^^^^^^^^^^^^^^
    ...<3 lines>...
        ORDER BY log_time ASC
        ^^^^^^^^^^^^^^^^^^^^^
    """, (cand_file_ids, run_start))
    ^^^^^^^^^^^^^^^^^^^^^^^^^^^^^^^^
  File "C:\Users\Alexandr\miniconda3\Lib\site-packages\psycopg2\extras.py", line 236, in execute
    return super().execute(query, vars)
           ~~~~~~~~~~~~~~~^^^^^^^^^^^^^
psycopg2.errors.UndefinedFunction: operator does not exist: character varying = integer
LINE 4:                 WHERE file_id = ANY(ARRAY[133])
                                      ^
HINT:  No operator matches the given name and argument types. You might need to add explicit type casts.


2026-05-30T14:20:45.848509 — ERRO ao gerar relatório: operator does not exist: character varying = integer
LINE 4:                 WHERE file_id = ANY(ARRAY[134])
                                      ^
HINT:  No operator matches the given name and argument types. You might need to add explicit type casts.

Traceback (most recent call last):
  File "C:\Users\Alexandr\Desktop\Universidade\3º Ano\Projeto\Projeto-Final-Eu\Codes\Pipeline\pipeline_data.py", line 92, in run_pipeline
    pipeline_data_report.generate(run_start, success, run_file_ids)
    ~~~~~~~~~~~~~~~~~~~~~~~~~~~~~^^^^^^^^^^^^^^^^^^^^^^^^^^^^^^^^^^
  File "C:\Users\Alexandr\Desktop\Universidade\3º Ano\Projeto\Projeto-Final-Eu\Codes\Pipeline\pipeline_data_report.py", line 68, in generate
    cur_op.execute("""
    ~~~~~~~~~~~~~~^^^^
        SELECT file_id, step, error_message, log_time
        ^^^^^^^^^^^^^^^^^^^^^^^^^^^^^^^^^^^^^^^^^^^^^
    ...<3 lines>...
        ORDER BY log_time ASC
        ^^^^^^^^^^^^^^^^^^^^^
    """, (cand_file_ids, run_start))
    ^^^^^^^^^^^^^^^^^^^^^^^^^^^^^^^^
  File "C:\Users\Alexandr\miniconda3\Lib\site-packages\psycopg2\extras.py", line 236, in execute
    return super().execute(query, vars)
           ~~~~~~~~~~~~~~~^^^^^^^^^^^^^
psycopg2.errors.UndefinedFunction: operator does not exist: character varying = integer
LINE 4:                 WHERE file_id = ANY(ARRAY[134])
                                      ^
HINT:  No operator matches the given name and argument types. You might need to add explicit type casts.


2026-05-30T14:21:32.283860 — ERRO ao gerar relatório: operator does not exist: character varying = integer
LINE 4:                 WHERE file_id = ANY(ARRAY[135])
                                      ^
HINT:  No operator matches the given name and argument types. You might need to add explicit type casts.

Traceback (most recent call last):
  File "C:\Users\Alexandr\Desktop\Universidade\3º Ano\Projeto\Projeto-Final-Eu\Codes\Pipeline\pipeline_data.py", line 92, in run_pipeline
    pipeline_data_report.generate(run_start, success, run_file_ids)
    ~~~~~~~~~~~~~~~~~~~~~~~~~~~~~^^^^^^^^^^^^^^^^^^^^^^^^^^^^^^^^^^
  File "C:\Users\Alexandr\Desktop\Universidade\3º Ano\Projeto\Projeto-Final-Eu\Codes\Pipeline\pipeline_data_report.py", line 68, in generate
    cur_op.execute("""
    ~~~~~~~~~~~~~~^^^^
        SELECT file_id, step, error_message, log_time
        ^^^^^^^^^^^^^^^^^^^^^^^^^^^^^^^^^^^^^^^^^^^^^
    ...<3 lines>...
        ORDER BY log_time ASC
        ^^^^^^^^^^^^^^^^^^^^^
    """, (cand_file_ids, run_start))
    ^^^^^^^^^^^^^^^^^^^^^^^^^^^^^^^^
  File "C:\Users\Alexandr\miniconda3\Lib\site-packages\psycopg2\extras.py", line 236, in execute
    return super().execute(query, vars)
           ~~~~~~~~~~~~~~~^^^^^^^^^^^^^
psycopg2.errors.UndefinedFunction: operator does not exist: character varying = integer
LINE 4:                 WHERE file_id = ANY(ARRAY[135])
                                      ^
HINT:  No operator matches the given name and argument types. You might need to add explicit type casts.


2026-05-30T14:22:21.568686 — ERRO ao gerar relatório: operator does not exist: character varying = integer
LINE 4:                 WHERE file_id = ANY(ARRAY[136])
                                      ^
HINT:  No operator matches the given name and argument types. You might need to add explicit type casts.

Traceback (most recent call last):
  File "C:\Users\Alexandr\Desktop\Universidade\3º Ano\Projeto\Projeto-Final-Eu\Codes\Pipeline\pipeline_data.py", line 92, in run_pipeline
    pipeline_data_report.generate(run_start, success, run_file_ids)
    ~~~~~~~~~~~~~~~~~~~~~~~~~~~~~^^^^^^^^^^^^^^^^^^^^^^^^^^^^^^^^^^
  File "C:\Users\Alexandr\Desktop\Universidade\3º Ano\Projeto\Projeto-Final-Eu\Codes\Pipeline\pipeline_data_report.py", line 68, in generate
    cur_op.execute("""
    ~~~~~~~~~~~~~~^^^^
        SELECT file_id, step, error_message, log_time
        ^^^^^^^^^^^^^^^^^^^^^^^^^^^^^^^^^^^^^^^^^^^^^
    ...<3 lines>...
        ORDER BY log_time ASC
        ^^^^^^^^^^^^^^^^^^^^^
    """, (cand_file_ids, run_start))
    ^^^^^^^^^^^^^^^^^^^^^^^^^^^^^^^^
  File "C:\Users\Alexandr\miniconda3\Lib\site-packages\psycopg2\extras.py", line 236, in execute
    return super().execute(query, vars)
           ~~~~~~~~~~~~~~~^^^^^^^^^^^^^
psycopg2.errors.UndefinedFunction: operator does not exist: character varying = integer
LINE 4:                 WHERE file_id = ANY(ARRAY[136])
                                      ^
HINT:  No operator matches the given name and argument types. You might need to add explicit type casts.


2026-05-30T14:37:02.346598 — ERRO ao gerar relatório: operator does not exist: character varying = integer
LINE 4:                 WHERE file_id = ANY(ARRAY[137])
                                      ^
HINT:  No operator matches the given name and argument types. You might need to add explicit type casts.

Traceback (most recent call last):
  File "C:\Users\Alexandr\Desktop\Universidade\3º Ano\Projeto\Projeto-Final-Eu\Codes\Pipeline\pipeline_data.py", line 92, in run_pipeline
    pipeline_data_report.generate(run_start, success, run_file_ids)
    ~~~~~~~~~~~~~~~~~~~~~~~~~~~~~^^^^^^^^^^^^^^^^^^^^^^^^^^^^^^^^^^
  File "C:\Users\Alexandr\Desktop\Universidade\3º Ano\Projeto\Projeto-Final-Eu\Codes\Pipeline\pipeline_data_report.py", line 68, in generate
    cur_op.execute("""
    ~~~~~~~~~~~~~~^^^^
        SELECT file_id, step, error_message, log_time
        ^^^^^^^^^^^^^^^^^^^^^^^^^^^^^^^^^^^^^^^^^^^^^
    ...<3 lines>...
        ORDER BY log_time ASC
        ^^^^^^^^^^^^^^^^^^^^^
    """, (cand_file_ids, run_start))
    ^^^^^^^^^^^^^^^^^^^^^^^^^^^^^^^^
  File "C:\Users\Alexandr\miniconda3\Lib\site-packages\psycopg2\extras.py", line 236, in execute
    return super().execute(query, vars)
           ~~~~~~~~~~~~~~~^^^^^^^^^^^^^
psycopg2.errors.UndefinedFunction: operator does not exist: character varying = integer
LINE 4:                 WHERE file_id = ANY(ARRAY[137])
                                      ^
HINT:  No operator matches the given name and argument types. You might need to add explicit type casts.


2026-05-30T14:42:32.469154 — ERRO ao gerar relatório: operator does not exist: character varying = integer
LINE 4:                 WHERE file_id = ANY(ARRAY[1,2,3,4,5,6,7,8,9,...
                                      ^
HINT:  No operator matches the given name and argument types. You might need to add explicit type casts.

Traceback (most recent call last):
  File "C:\Users\Alexandr\Desktop\Universidade\3º Ano\Projeto\Projeto-Final-Eu\Codes\Pipeline\pipeline_data.py", line 92, in run_pipeline
    pipeline_data_report.generate(run_start, success, run_file_ids)
    ~~~~~~~~~~~~~~~~~~~~~~~~~~~~~^^^^^^^^^^^^^^^^^^^^^^^^^^^^^^^^^^
  File "C:\Users\Alexandr\Desktop\Universidade\3º Ano\Projeto\Projeto-Final-Eu\Codes\Pipeline\pipeline_data_report.py", line 68, in generate
    cur_op.execute("""
    ~~~~~~~~~~~~~~^^^^
        SELECT file_id, step, error_message, log_time
        ^^^^^^^^^^^^^^^^^^^^^^^^^^^^^^^^^^^^^^^^^^^^^
    ...<3 lines>...
        ORDER BY log_time ASC
        ^^^^^^^^^^^^^^^^^^^^^
    """, (cand_file_ids, run_start))
    ^^^^^^^^^^^^^^^^^^^^^^^^^^^^^^^^
  File "C:\Users\Alexandr\miniconda3\Lib\site-packages\psycopg2\extras.py", line 236, in execute
    return super().execute(query, vars)
           ~~~~~~~~~~~~~~~^^^^^^^^^^^^^
psycopg2.errors.UndefinedFunction: operator does not exist: character varying = integer
LINE 4:                 WHERE file_id = ANY(ARRAY[1,2,3,4,5,6,7,8,9,...
                                      ^
HINT:  No operator matches the given name and argument types. You might need to add explicit type casts.


2026-05-30T14:44:25.387440 — ERRO ao gerar relatório: operator does not exist: character varying = integer
LINE 4:                 WHERE file_id = ANY(ARRAY[133])
                                      ^
HINT:  No operator matches the given name and argument types. You might need to add explicit type casts.

Traceback (most recent call last):
  File "C:\Users\Alexandr\Desktop\Universidade\3º Ano\Projeto\Projeto-Final-Eu\Codes\Pipeline\pipeline_data.py", line 92, in run_pipeline
    pipeline_data_report.generate(run_start, success, run_file_ids)
    ~~~~~~~~~~~~~~~~~~~~~~~~~~~~~^^^^^^^^^^^^^^^^^^^^^^^^^^^^^^^^^^
  File "C:\Users\Alexandr\Desktop\Universidade\3º Ano\Projeto\Projeto-Final-Eu\Codes\Pipeline\pipeline_data_report.py", line 68, in generate
    cur_op.execute("""
    ~~~~~~~~~~~~~~^^^^
        SELECT file_id, step, error_message, log_time
        ^^^^^^^^^^^^^^^^^^^^^^^^^^^^^^^^^^^^^^^^^^^^^
    ...<3 lines>...
        ORDER BY log_time ASC
        ^^^^^^^^^^^^^^^^^^^^^
    """, (cand_file_ids, run_start))
    ^^^^^^^^^^^^^^^^^^^^^^^^^^^^^^^^
  File "C:\Users\Alexandr\miniconda3\Lib\site-packages\psycopg2\extras.py", line 236, in execute
    return super().execute(query, vars)
           ~~~~~~~~~~~~~~~^^^^^^^^^^^^^
psycopg2.errors.UndefinedFunction: operator does not exist: character varying = integer
LINE 4:                 WHERE file_id = ANY(ARRAY[133])
                                      ^
HINT:  No operator matches the given name and argument types. You might need to add explicit type casts.


2026-05-30T14:47:18.147721 — ERRO ao gerar relatório: operator does not exist: character varying = integer
LINE 4:                 WHERE file_id = ANY(ARRAY[134])
                                      ^
HINT:  No operator matches the given name and argument types. You might need to add explicit type casts.

Traceback (most recent call last):
  File "C:\Users\Alexandr\Desktop\Universidade\3º Ano\Projeto\Projeto-Final-Eu\Codes\Pipeline\pipeline_data.py", line 92, in run_pipeline
    pipeline_data_report.generate(run_start, success, run_file_ids)
    ~~~~~~~~~~~~~~~~~~~~~~~~~~~~~^^^^^^^^^^^^^^^^^^^^^^^^^^^^^^^^^^
  File "C:\Users\Alexandr\Desktop\Universidade\3º Ano\Projeto\Projeto-Final-Eu\Codes\Pipeline\pipeline_data_report.py", line 68, in generate
    cur_op.execute("""
    ~~~~~~~~~~~~~~^^^^
        SELECT file_id, step, error_message, log_time
        ^^^^^^^^^^^^^^^^^^^^^^^^^^^^^^^^^^^^^^^^^^^^^
    ...<3 lines>...
        ORDER BY log_time ASC
        ^^^^^^^^^^^^^^^^^^^^^
    """, (cand_file_ids, run_start))
    ^^^^^^^^^^^^^^^^^^^^^^^^^^^^^^^^
  File "C:\Users\Alexandr\miniconda3\Lib\site-packages\psycopg2\extras.py", line 236, in execute
    return super().execute(query, vars)
           ~~~~~~~~~~~~~~~^^^^^^^^^^^^^
psycopg2.errors.UndefinedFunction: operator does not exist: character varying = integer
LINE 4:                 WHERE file_id = ANY(ARRAY[134])
                                      ^
HINT:  No operator matches the given name and argument types. You might need to add explicit type casts.


2026-05-30T15:30:16.885213 — ERRO ao gerar relatório: operator does not exist: character varying = integer
LINE 4:                 WHERE file_id = ANY(ARRAY[1,2,3,4,5,6,7,8,9,...
                                      ^
HINT:  No operator matches the given name and argument types. You might need to add explicit type casts.

Traceback (most recent call last):
  File "C:\Users\Alexandr\Desktop\Universidade\3º Ano\Projeto\Projeto-Final-Eu\Codes\Pipeline\pipeline_data.py", line 92, in run_pipeline
    pipeline_data_report.generate(run_start, success, run_file_ids)
    ~~~~~~~~~~~~~~~~~~~~~~~~~~~~~^^^^^^^^^^^^^^^^^^^^^^^^^^^^^^^^^^
  File "C:\Users\Alexandr\Desktop\Universidade\3º Ano\Projeto\Projeto-Final-Eu\Codes\Pipeline\pipeline_data_report.py", line 68, in generate
    cur_op.execute("""
    ~~~~~~~~~~~~~~^^^^
        SELECT file_id, step, error_message, log_time
        ^^^^^^^^^^^^^^^^^^^^^^^^^^^^^^^^^^^^^^^^^^^^^
    ...<3 lines>...
        ORDER BY log_time ASC
        ^^^^^^^^^^^^^^^^^^^^^
    """, (cand_file_ids, run_start))
    ^^^^^^^^^^^^^^^^^^^^^^^^^^^^^^^^
  File "C:\Users\Alexandr\miniconda3\Lib\site-packages\psycopg2\extras.py", line 236, in execute
    return super().execute(query, vars)
           ~~~~~~~~~~~~~~~^^^^^^^^^^^^^
psycopg2.errors.UndefinedFunction: operator does not exist: character varying = integer
LINE 4:                 WHERE file_id = ANY(ARRAY[1,2,3,4,5,6,7,8,9,...
                                      ^
HINT:  No operator matches the given name and argument types. You might need to add explicit type casts.


2026-05-30T15:32:16.214771 — ERRO ao gerar relatório: operator does not exist: character varying = integer
LINE 4:                 WHERE file_id = ANY(ARRAY[133])
                                      ^
HINT:  No operator matches the given name and argument types. You might need to add explicit type casts.

Traceback (most recent call last):
  File "C:\Users\Alexandr\Desktop\Universidade\3º Ano\Projeto\Projeto-Final-Eu\Codes\Pipeline\pipeline_data.py", line 92, in run_pipeline
    pipeline_data_report.generate(run_start, success, run_file_ids)
    ~~~~~~~~~~~~~~~~~~~~~~~~~~~~~^^^^^^^^^^^^^^^^^^^^^^^^^^^^^^^^^^
  File "C:\Users\Alexandr\Desktop\Universidade\3º Ano\Projeto\Projeto-Final-Eu\Codes\Pipeline\pipeline_data_report.py", line 68, in generate
    cur_op.execute("""
    ~~~~~~~~~~~~~~^^^^
        SELECT file_id, step, error_message, log_time
        ^^^^^^^^^^^^^^^^^^^^^^^^^^^^^^^^^^^^^^^^^^^^^
    ...<3 lines>...
        ORDER BY log_time ASC
        ^^^^^^^^^^^^^^^^^^^^^
    """, (cand_file_ids, run_start))
    ^^^^^^^^^^^^^^^^^^^^^^^^^^^^^^^^
  File "C:\Users\Alexandr\miniconda3\Lib\site-packages\psycopg2\extras.py", line 236, in execute
    return super().execute(query, vars)
           ~~~~~~~~~~~~~~~^^^^^^^^^^^^^
psycopg2.errors.UndefinedFunction: operator does not exist: character varying = integer
LINE 4:                 WHERE file_id = ANY(ARRAY[133])
                                      ^
HINT:  No operator matches the given name and argument types. You might need to add explicit type casts.


2026-05-30T15:38:02.952369 — ERRO ao gerar relatório: operator does not exist: integer = text
LINE 9:                 WHERE d.file_id = ANY(ARRAY['134'])
                                        ^
HINT:  No operator matches the given name and argument types. You might need to add explicit type casts.

Traceback (most recent call last):
  File "C:\Users\Alexandr\Desktop\Universidade\3º Ano\Projeto\Projeto-Final-Eu\Codes\Pipeline\pipeline_data.py", line 92, in run_pipeline
    pipeline_data_report.generate(run_start, success, run_file_ids)
    ~~~~~~~~~~~~~~~~~~~~~~~~~~~~~^^^^^^^^^^^^^^^^^^^^^^^^^^^^^^^^^^
  File "C:\Users\Alexandr\Desktop\Universidade\3º Ano\Projeto\Projeto-Final-Eu\Codes\Pipeline\pipeline_data_report.py", line 44, in generate
    cur_op.execute("""
    ~~~~~~~~~~~~~~^^^^
        SELECT d.file_id, d.report_id, d.file_url,
        ^^^^^^^^^^^^^^^^^^^^^^^^^^^^^^^^^^^^^^^^^^
    ...<7 lines>...
        ORDER BY d.file_id
        ^^^^^^^^^^^^^^^^^^
    """, (run_file_ids,))
    ^^^^^^^^^^^^^^^^^^^^^
  File "C:\Users\Alexandr\miniconda3\Lib\site-packages\psycopg2\extras.py", line 236, in execute
    return super().execute(query, vars)
           ~~~~~~~~~~~~~~~^^^^^^^^^^^^^
psycopg2.errors.UndefinedFunction: operator does not exist: integer = text
LINE 9:                 WHERE d.file_id = ANY(ARRAY['134'])
                                        ^
HINT:  No operator matches the given name and argument types. You might need to add explicit type casts.


2026-05-30T15:46:55.552123 — ERRO ao gerar relatório: operator does not exist: integer = text
LINE 9:                 WHERE d.file_id = ANY(ARRAY['1','2','3','4',...
                                        ^
HINT:  No operator matches the given name and argument types. You might need to add explicit type casts.

Traceback (most recent call last):
  File "C:\Users\Alexandr\Desktop\Universidade\3º Ano\Projeto\Projeto-Final-Eu\Codes\Pipeline\pipeline_data.py", line 92, in run_pipeline
    pipeline_data_report.generate(run_start, success, run_file_ids)
    ~~~~~~~~~~~~~~~~~~~~~~~~~~~~~^^^^^^^^^^^^^^^^^^^^^^^^^^^^^^^^^^
  File "C:\Users\Alexandr\Desktop\Universidade\3º Ano\Projeto\Projeto-Final-Eu\Codes\Pipeline\pipeline_data_report.py", line 44, in generate
    cur_op.execute("""
    ~~~~~~~~~~~~~~^^^^
        SELECT d.file_id, d.report_id, d.file_url,
        ^^^^^^^^^^^^^^^^^^^^^^^^^^^^^^^^^^^^^^^^^^
    ...<7 lines>...
        ORDER BY d.file_id
        ^^^^^^^^^^^^^^^^^^
    """, (run_file_ids,))
    ^^^^^^^^^^^^^^^^^^^^^
  File "C:\Users\Alexandr\miniconda3\Lib\site-packages\psycopg2\extras.py", line 236, in execute
    return super().execute(query, vars)
           ~~~~~~~~~~~~~~~^^^^^^^^^^^^^
psycopg2.errors.UndefinedFunction: operator does not exist: integer = text
LINE 9:                 WHERE d.file_id = ANY(ARRAY['1','2','3','4',...
                                        ^
HINT:  No operator matches the given name and argument types. You might need to add explicit type casts.


2026-05-30T16:19:43.128532 — ERRO ao gerar relatório: operator does not exist: integer = text
LINE 9:                 WHERE d.file_id = ANY(ARRAY['1','2','3','4',...
                                        ^
HINT:  No operator matches the given name and argument types. You might need to add explicit type casts.

Traceback (most recent call last):
  File "C:\Users\Alexandr\Desktop\Universidade\3º Ano\Projeto\Projeto-Final-Eu\Codes\Pipeline\pipeline_data.py", line 92, in run_pipeline
    pipeline_data_report.generate(run_start, success, run_file_ids)
    ~~~~~~~~~~~~~~~~~~~~~~~~~~~~~^^^^^^^^^^^^^^^^^^^^^^^^^^^^^^^^^^
  File "C:\Users\Alexandr\Desktop\Universidade\3º Ano\Projeto\Projeto-Final-Eu\Codes\Pipeline\pipeline_data_report.py", line 44, in generate
    cur_op.execute("""
    ~~~~~~~~~~~~~~^^^^
        SELECT d.file_id, d.report_id, d.file_url,
        ^^^^^^^^^^^^^^^^^^^^^^^^^^^^^^^^^^^^^^^^^^
    ...<7 lines>...
        ORDER BY d.file_id
        ^^^^^^^^^^^^^^^^^^
    """, (run_file_ids,))
    ^^^^^^^^^^^^^^^^^^^^^
  File "C:\Users\Alexandr\miniconda3\Lib\site-packages\psycopg2\extras.py", line 236, in execute
    return super().execute(query, vars)
           ~~~~~~~~~~~~~~~^^^^^^^^^^^^^
psycopg2.errors.UndefinedFunction: operator does not exist: integer = text
LINE 9:                 WHERE d.file_id = ANY(ARRAY['1','2','3','4',...
                                        ^
HINT:  No operator matches the given name and argument types. You might need to add explicit type casts.


2026-05-30T17:14:06.586425 — ERRO ao gerar relatório: operator does not exist: integer = text
LINE 9:                 WHERE d.file_id = ANY(ARRAY['133','139','145...
                                        ^
HINT:  No operator matches the given name and argument types. You might need to add explicit type casts.

Traceback (most recent call last):
  File "C:\Users\Alexandr\Desktop\Universidade\3º Ano\Projeto\Projeto-Final-Eu\Codes\Pipeline\pipeline_data.py", line 92, in run_pipeline
    pipeline_data_report.generate(run_start, success, run_file_ids)
    ~~~~~~~~~~~~~~~~~~~~~~~~~~~~~^^^^^^^^^^^^^^^^^^^^^^^^^^^^^^^^^^
  File "C:\Users\Alexandr\Desktop\Universidade\3º Ano\Projeto\Projeto-Final-Eu\Codes\Pipeline\pipeline_data_report.py", line 44, in generate
    cur_op.execute("""
    ~~~~~~~~~~~~~~^^^^
        SELECT d.file_id, d.report_id, d.file_url,
        ^^^^^^^^^^^^^^^^^^^^^^^^^^^^^^^^^^^^^^^^^^
    ...<7 lines>...
        ORDER BY d.file_id
        ^^^^^^^^^^^^^^^^^^
    """, (run_file_ids,))
    ^^^^^^^^^^^^^^^^^^^^^
  File "C:\Users\Alexandr\miniconda3\Lib\site-packages\psycopg2\extras.py", line 236, in execute
    return super().execute(query, vars)
           ~~~~~~~~~~~~~~~^^^^^^^^^^^^^
psycopg2.errors.UndefinedFunction: operator does not exist: integer = text
LINE 9:                 WHERE d.file_id = ANY(ARRAY['133','139','145...
                                        ^
HINT:  No operator matches the given name and argument types. You might need to add explicit type casts.


2026-05-30T17:14:50.994397 — ERRO ao gerar relatório: operator does not exist: integer = text
LINE 9:                 WHERE d.file_id = ANY(ARRAY['180','185','190...
                                        ^
HINT:  No operator matches the given name and argument types. You might need to add explicit type casts.

Traceback (most recent call last):
  File "C:\Users\Alexandr\Desktop\Universidade\3º Ano\Projeto\Projeto-Final-Eu\Codes\Pipeline\pipeline_data.py", line 92, in run_pipeline
    pipeline_data_report.generate(run_start, success, run_file_ids)
    ~~~~~~~~~~~~~~~~~~~~~~~~~~~~~^^^^^^^^^^^^^^^^^^^^^^^^^^^^^^^^^^
  File "C:\Users\Alexandr\Desktop\Universidade\3º Ano\Projeto\Projeto-Final-Eu\Codes\Pipeline\pipeline_data_report.py", line 44, in generate
    cur_op.execute("""
    ~~~~~~~~~~~~~~^^^^
        SELECT d.file_id, d.report_id, d.file_url,
        ^^^^^^^^^^^^^^^^^^^^^^^^^^^^^^^^^^^^^^^^^^
    ...<7 lines>...
        ORDER BY d.file_id
        ^^^^^^^^^^^^^^^^^^
    """, (run_file_ids,))
    ^^^^^^^^^^^^^^^^^^^^^
  File "C:\Users\Alexandr\miniconda3\Lib\site-packages\psycopg2\extras.py", line 236, in execute
    return super().execute(query, vars)
           ~~~~~~~~~~~~~~~^^^^^^^^^^^^^
psycopg2.errors.UndefinedFunction: operator does not exist: integer = text
LINE 9:                 WHERE d.file_id = ANY(ARRAY['180','185','190...
                                        ^
HINT:  No operator matches the given name and argument types. You might need to add explicit type casts.

